<?xml version="1.0" encoding="UTF-8"?>
<!-- Generated by org.testng.reporters.JUnitXMLReporter -->
<testsuite hostname="Highbury" name="Test" tests="3" failures="0" timestamp="4 Apr 2020 19:09:28 GMT" time="56.87" errors="0">
  <testcase name="PwdVlaidivostak" time="19.955" classname="validationofdifferenttestcases.PwdFieldValidations"/>
  <testcase name="OhnePasswordField" time="17.263" classname="validationofdifferenttestcases.OhnePasswordField"/>
  <testcase name="FirstFieldValidation" time="19.613" classname="validationofdifferenttestcases.EmptyUserCheck"/>
</testsuite> <!-- Test -->
