<?xml version="1.0" encoding="UTF-8"?>
<!-- Generated by org.testng.reporters.JUnitXMLReporter -->
<testsuite hostname="Highbury" name="test1" tests="3" failures="0" timestamp="29 Jan 2022 12:31:09 GMT" time="1532.296" errors="0">
  <testcase name="test" time="148.399" classname="scrappers.FPL_scrapper_zussamem"/>
  <testcase name="RoC" time="464.892" classname="scrappers.FPL_scrapper_zussamem"/>
  <testcase name="FPL6" time="918.949" classname="scrappers.FPL_scrapper_zussamem"/>
</testsuite> <!-- test1 -->
