<?xml version="1.0" encoding="UTF-8"?>
<testng-results skipped="0" failed="0" total="1" passed="1">
  <reporter-output>
  </reporter-output>
  <suite name="Default suite" duration-ms="3438" started-at="2020-08-30T22:45:53Z" finished-at="2020-08-30T22:45:57Z">
    <groups>
    </groups>
    <test name="Default test" duration-ms="3438" started-at="2020-08-30T22:45:53Z" finished-at="2020-08-30T22:45:57Z">
      <class name="validationofdifferenttestcases.gpsVier">
        <test-method status="PASS" signature="starterrr()[pri:0, instance:validationofdifferenttestcases.gpsVier@2a2d45ba]" name="starterrr" duration-ms="3392" started-at="2020-08-31T00:45:53Z" finished-at="2020-08-31T00:45:57Z">
          <reporter-output>
          </reporter-output>
        </test-method> <!-- starterrr -->
      </class> <!-- validationofdifferenttestcases.gpsVier -->
    </test> <!-- Default test -->
  </suite> <!-- Default suite -->
</testng-results>
