<?xml version="1.0" encoding="UTF-8"?>
<testng-results skipped="0" failed="0" total="1" passed="1">
  <reporter-output>
  </reporter-output>
  <suite name="Default suite" duration-ms="469377" started-at="2021-11-22T22:23:29Z" finished-at="2021-11-22T22:31:18Z">
    <groups>
    </groups>
    <test name="Default test" duration-ms="469377" started-at="2021-11-22T22:23:29Z" finished-at="2021-11-22T22:31:18Z">
      <class name="scrappers.FPL_RoC_Lge_Scrapper">
        <test-method status="PASS" signature="iteraetor()[pri:0, instance:scrappers.FPL_RoC_Lge_Scrapper@7dc7cbad]" name="iteraetor" duration-ms="469329" started-at="2021-11-22T23:23:29Z" finished-at="2021-11-22T23:31:18Z">
          <reporter-output>
          </reporter-output>
        </test-method> <!-- iteraetor -->
      </class> <!-- scrappers.FPL_RoC_Lge_Scrapper -->
    </test> <!-- Default test -->
  </suite> <!-- Default suite -->
</testng-results>
