<?xml version="1.0" encoding="UTF-8"?>
<!-- Generated by org.testng.reporters.JUnitXMLReporter -->
<testsuite hostname="Highbury" name="Default test" tests="4" failures="0" timestamp="24 Mar 2020 11:17:22 GMT" time="67.36" errors="0">
  <testcase name="login" time="5.263" classname="com.test.ValidateLogin"/>
  <testcase name="imagedisplay" time="5.343" classname="com.test.ValidateLogin"/>
  <testcase name="imageattri" time="0.162" classname="com.test.ValidateLogin"/>
  <testcase name="title" time="0.025" classname="com.test.ValidateLogin"/>
</testsuite> <!-- Default test -->
